c:\users\33953\source\repos\nw_server\nw_server\x64\debug\vc143.pdb
c:\users\33953\source\repos\nw_server\nw_server\x64\debug\vc143.idb
c:\users\33953\source\repos\nw_server\nw_server\x64\debug\mengthreadpool.obj
c:\users\33953\source\repos\nw_server\nw_server\x64\debug\mengtcpserver.obj
c:\users\33953\source\repos\nw_server\nw_server\x64\debug\main.obj
c:\users\33953\source\repos\nw_server\nw_server\x64\debug\nw_server.ilk
c:\users\33953\source\repos\nw_server\x64\debug\nw_server.pdb
c:\users\33953\source\repos\nw_server\nw_server\x64\debug\nw_server.tlog\cl.command.1.tlog
c:\users\33953\source\repos\nw_server\nw_server\x64\debug\nw_server.tlog\cl.items.tlog
c:\users\33953\source\repos\nw_server\nw_server\x64\debug\nw_server.tlog\cl.read.1.tlog
c:\users\33953\source\repos\nw_server\nw_server\x64\debug\nw_server.tlog\cl.write.1.tlog
c:\users\33953\source\repos\nw_server\nw_server\x64\debug\nw_server.tlog\link.23004-cvtres.read.1.tlog
c:\users\33953\source\repos\nw_server\nw_server\x64\debug\nw_server.tlog\link.23004-cvtres.write.1.tlog
c:\users\33953\source\repos\nw_server\nw_server\x64\debug\nw_server.tlog\link.23004-rc.read.1.tlog
c:\users\33953\source\repos\nw_server\nw_server\x64\debug\nw_server.tlog\link.23004-rc.write.1.tlog
c:\users\33953\source\repos\nw_server\nw_server\x64\debug\nw_server.tlog\link.23004.read.1.tlog
c:\users\33953\source\repos\nw_server\nw_server\x64\debug\nw_server.tlog\link.23004.read.2.tlog
c:\users\33953\source\repos\nw_server\nw_server\x64\debug\nw_server.tlog\link.23004.write.1.tlog
c:\users\33953\source\repos\nw_server\nw_server\x64\debug\nw_server.tlog\link.command.1.tlog
c:\users\33953\source\repos\nw_server\nw_server\x64\debug\nw_server.tlog\link.read.1.tlog
c:\users\33953\source\repos\nw_server\nw_server\x64\debug\nw_server.tlog\link.secondary.1.tlog
c:\users\33953\source\repos\nw_server\nw_server\x64\debug\nw_server.tlog\link.write.1.tlog
